PLINK v2.00a2.3LM 64-bit Intel (24 Jan 2020)   www.cog-genomics.org/plink/2.0/
(C) 2005-2020 Shaun Purcell, Christopher Chang   GNU General Public License v3
Logging to /Users/zhoujiayi/Documents/GitHub/bioworkflows/GWAS/output/regenie_MWE/cache/genotypes21_22.qc_pass.log.
Options in effect:
  --bfile /Users/zhoujiayi/Documents/orientation/LMM_MWE/data/genotypes21_22
  --maf 0.001
  --no-id-header
  --out /Users/zhoujiayi/Documents/GitHub/bioworkflows/GWAS/output/regenie_MWE/cache/genotypes21_22.qc_pass
  --threads 8
  --write-samples
  --write-snplist

Start time: Sat Feb 20 03:06:27 2021
1990 MiB RAM detected; reserving 995 MiB for main workspace.
Using up to 8 compute threads.
100 samples (50 females, 50 males; 100 founders) loaded from
/Users/zhoujiayi/Documents/orientation/LMM_MWE/data/genotypes21_22.fam.
16577 variants loaded from
/Users/zhoujiayi/Documents/orientation/LMM_MWE/data/genotypes21_22.bim.
Note: No phenotype data present.
--write-samples: Sample IDs written to
/Users/zhoujiayi/Documents/GitHub/bioworkflows/GWAS/output/regenie_MWE/cache/genotypes21_22.qc_pass.id
.
Calculating allele frequencies... 0%done.
122 variants removed due to allele frequency threshold(s)
(--maf/--max-maf/--mac/--max-mac).
16455 variants remaining after main filters.
--write-snplist: Variant IDs written to
/Users/zhoujiayi/Documents/GitHub/bioworkflows/GWAS/output/regenie_MWE/cache/genotypes21_22.qc_pass.snplist
.
End time: Sat Feb 20 03:06:27 2021
